#
# A fatal error has been detected by the Java Runtime Environment:
#
#  EXCEPTION_ACCESS_VIOLATION (0xc0000005) at pc=0x000000006427a6a5, pid=6348, tid=6544
#
# JRE version: Java(TM) SE Runtime Environment (8.0_31-b13) (build 1.8.0_31-b13)
# Java VM: Java HotSpot(TM) 64-Bit Server VM (25.31-b07 mixed mode windows-amd64 compressed oops)
# Problematic frame:
# V  [jvm.dll+0x11a6a5]
#
# Failed to write core dump. Minidumps are not enabled by default on client versions of Windows
#
# If you would like to submit a bug report, please visit:
#   http://bugreport.java.com/bugreport/crash.jsp
#

---------------  T H R E A D  ---------------

Current thread (0x00000000177ce800):  JavaThread "JDWP Transport Listener: dt_socket" daemon [_thread_in_vm, id=6544, stack(0x0000000019000000,0x0000000019100000)]

siginfo: ExceptionCode=0xc0000005, reading address 0x0000003b003b6568

Registers:
RAX=0x00000000190ff401, RBX=0x00000000177ce800, RCX=0x0000003b003b6568, RDX=0x0000000000000000
RSP=0x00000000190ff440, RBP=0x0000003b003b6568, RSI=0x00000000190ff558, RDI=0x0000000002b788e0
R8 =0x00000000177ce800, R9 =0x0000000000008000, R10=0x0000000000000000, R11=0x00000000190ff757
R12=0x0000000000000000, R13=0x00000000177c18d8, R14=0x0000000000000000, R15=0x0000000000000000
RIP=0x000000006427a6a5, EFLAGS=0x0000000000010202

Top of Stack: (sp=0x00000000190ff440)
0x00000000190ff440:   00000000177ce800 00000000177ce800
0x00000000190ff450:   00000000190ff508 0000000064477c1b
0x00000000190ff460:   00000000177ce800 000000006449447d
0x00000000190ff470:   0000000000000000 0000000063e69149
0x00000000190ff480:   000000001943b5c8 0000000063e72912
0x00000000190ff490:   00000000177ce800 0000000000000000
0x00000000190ff4a0:   0000000000000000 0000000000000000
0x00000000190ff4b0:   0000003b003b6568 0000000063e71a09
0x00000000190ff4c0:   00000000190ff558 00000000190ff530
0x00000000190ff4d0:   0000000000000001 000000001943b5c8
0x00000000190ff4e0:   0000003b003b6568 0000000063e553b3
0x00000000190ff4f0:   00000000190ff620 0000000000000001
0x00000000190ff500:   0000000000000001 000000001943b5c8
0x00000000190ff510:   0000000000000009 0000000000000000
0x00000000190ff520:   0000000000000000 0000000000000000
0x00000000190ff530:   0000000000000001 0000000063e55571 

Instructions: (pc=0x000000006427a6a5)
0x000000006427a685:   cc cc cc cc cc cc cc cc cc cc cc 48 83 ec 28 48
0x000000006427a695:   85 c9 75 07 33 c0 48 83 c4 28 c3 48 89 5c 24 20
0x000000006427a6a5:   48 8b 19 48 85 db 74 20 48 83 fb 37 74 1a 48 8b
0x000000006427a6b5:   13 48 8b cb ff 52 10 84 c0 74 0d 48 8b c3 48 8b 


Register to memory mapping:

RAX=0x00000000190ff401 is pointing into the stack for thread: 0x00000000177ce800
RBX=0x00000000177ce800 is a thread
RCX=0x0000003b003b6568 is an unknown value
RDX=0x0000000000000000 is an unknown value
RSP=0x00000000190ff440 is pointing into the stack for thread: 0x00000000177ce800
RBP=0x0000003b003b6568 is an unknown value
RSI=0x00000000190ff558 is pointing into the stack for thread: 0x00000000177ce800
RDI=0x0000000002b788e0 is an unknown value
R8 =0x00000000177ce800 is a thread
R9 =0x0000000000008000 is an unknown value
R10=0x0000000000000000 is an unknown value
R11=0x00000000190ff757 is pointing into the stack for thread: 0x00000000177ce800
R12=0x0000000000000000 is an unknown value
R13=0x00000000177c18d8 is an unknown value
R14=0x0000000000000000 is an unknown value
R15=0x0000000000000000 is an unknown value


Stack: [0x0000000019000000,0x0000000019100000],  sp=0x00000000190ff440,  free space=1021k
Native frames: (J=compiled Java code, j=interpreted, Vv=VM code, C=native code)
V  [jvm.dll+0x11a6a5]
V  [jvm.dll+0x33447d]
C  [jdwp.dll+0x21a09]
C  [jdwp.dll+0x53b3]
C  [jdwp.dll+0x5571]
C  [jdwp.dll+0xf09c]
C  [jdwp.dll+0x1f2c9]
C  [jdwp.dll+0x1f49e]
V  [jvm.dll+0x1ac128]
V  [jvm.dll+0x22c194]
V  [jvm.dll+0x28576a]
C  [msvcr100.dll+0x21d9f]
C  [msvcr100.dll+0x21e3b]
C  [KERNEL32.DLL+0x13d2]
C  [ntdll.dll+0x15444]


---------------  P R O C E S S  ---------------

Java Threads: ( => current thread )
  0x000000001781e800 JavaThread "Service Thread" daemon [_thread_blocked, id=5304, stack(0x0000000019a00000,0x0000000019b00000)]
  0x000000001941b000 JavaThread "C1 CompilerThread2" daemon [_thread_blocked, id=6364, stack(0x0000000019900000,0x0000000019a00000)]
  0x000000001781c800 JavaThread "C2 CompilerThread1" daemon [_thread_blocked, id=6628, stack(0x0000000019800000,0x0000000019900000)]
  0x00000000177e2000 JavaThread "C2 CompilerThread0" daemon [_thread_blocked, id=6696, stack(0x0000000019300000,0x0000000019400000)]
  0x00000000177d4800 JavaThread "JDWP Command Reader" daemon [_thread_in_native, id=1140, stack(0x0000000019200000,0x0000000019300000)]
  0x00000000177d3000 JavaThread "JDWP Event Helper Thread" daemon [_thread_blocked, id=6044, stack(0x0000000019100000,0x0000000019200000)]
=>0x00000000177ce800 JavaThread "JDWP Transport Listener: dt_socket" daemon [_thread_in_vm, id=6544, stack(0x0000000019000000,0x0000000019100000)]
  0x00000000177bd000 JavaThread "Attach Listener" daemon [_thread_blocked, id=6540, stack(0x0000000018c20000,0x0000000018d20000)]
  0x00000000177bc000 JavaThread "Signal Dispatcher" daemon [_thread_blocked, id=6536, stack(0x0000000018b20000,0x0000000018c20000)]
  0x0000000002e54000 JavaThread "Finalizer" daemon [_thread_blocked, id=6400, stack(0x0000000018a20000,0x0000000018b20000)]
  0x0000000002e4a000 JavaThread "Reference Handler" daemon [_thread_blocked, id=6472, stack(0x0000000018920000,0x0000000018a20000)]
  0x0000000002b7e000 JavaThread "main" [_thread_blocked, id=6372, stack(0x0000000002c60000,0x0000000002d60000)]

Other Threads:
  0x0000000017786000 VMThread [stack: 0x0000000018820000,0x0000000018920000] [id=6344]
  0x0000000019424000 WatcherThread [stack: 0x0000000019b00000,0x0000000019c00000] [id=96]

VM state:not at safepoint (normal execution)

VM Mutex/Monitor currently owned by a thread: None

Heap:
 PSYoungGen      total 36864K, used 2539K [0x00000000d6f00000, 0x00000000d9800000, 0x0000000100000000)
  eden space 31744K, 8% used [0x00000000d6f00000,0x00000000d717aee8,0x00000000d8e00000)
  from space 5120K, 0% used [0x00000000d9300000,0x00000000d9300000,0x00000000d9800000)
  to   space 5120K, 0% used [0x00000000d8e00000,0x00000000d8e00000,0x00000000d9300000)
 ParOldGen       total 84992K, used 0K [0x0000000084c00000, 0x0000000089f00000, 0x00000000d6f00000)
  object space 84992K, 0% used [0x0000000084c00000,0x0000000084c00000,0x0000000089f00000)
 Metaspace       used 2420K, capacity 4498K, committed 4864K, reserved 1056768K
  class space    used 266K, capacity 386K, committed 512K, reserved 1048576K

Card table byte_map: [0x0000000012220000,0x0000000012600000] byte_map_base: 0x0000000011dfa000

Marking Bits: (ParMarkBitMap*) 0x000000006493d4f0
 Begin Bits: [0x0000000012ca0000, 0x0000000014b70000)
 End Bits:   [0x0000000014b70000, 0x0000000016a40000)

Polling page: 0x0000000001330000

CodeCache: size=245760Kb used=1084Kb max_used=1084Kb free=244675Kb
 bounds [0x0000000002e60000, 0x00000000030d0000, 0x0000000011e60000]
 total_blobs=235 nmethods=18 adapters=140
 compilation: enabled

Compilation events (10 events):
Event: 0.187 Thread 0x000000001941b000   14       3       java.lang.StringBuilder::append (8 bytes)
Event: 0.187 Thread 0x000000001941b000 nmethod 14 0x0000000002f6b790 code [0x0000000002f6b900, 0x0000000002f6bc88]
Event: 0.187 Thread 0x000000001941b000   16  s    3       java.lang.StringBuffer::append (13 bytes)
Event: 0.187 Thread 0x000000001941b000 nmethod 16 0x0000000002f6be90 code [0x0000000002f6c020, 0x0000000002f6c528]
Event: 0.187 Thread 0x000000001941b000   17       3       java.lang.Math::min (11 bytes)
Event: 0.187 Thread 0x000000001941b000 nmethod 17 0x0000000002f6c790 code [0x0000000002f6c8e0, 0x0000000002f6ca70]
Event: 0.187 Thread 0x000000001941b000   10       3       java.util.Arrays::copyOfRange (63 bytes)
Event: 0.188 Thread 0x000000001941b000 nmethod 10 0x0000000002f6cad0 code [0x0000000002f6cce0, 0x0000000002f6d818]
Event: 0.189 Thread 0x000000001941b000   18       3       java.lang.String::equals (81 bytes)
Event: 0.189 Thread 0x000000001941b000 nmethod 18 0x0000000002f6e7d0 code [0x0000000002f6e960, 0x0000000002f6eeb0]

GC Heap History (0 events):
No events

Deoptimization events (0 events):
No events

Internal exceptions (3 events):
Event: 0.023 Thread 0x0000000002b7e000 Exception <a 'java/lang/NoSuchMethodError': Method sun.misc.Unsafe.defineClass(Ljava/lang/String;[BII)Ljava/lang/Class; name or signature does not match> (0x00000000d6f0c938) thrown at [C:\workspace\8-2-build-windows-amd64-cygwin\jdk8u31\2394\hotspot\src\s±—lœ§/ó?
Event: 0.023 Thread 0x0000000002b7e000 Exception <a 'java/lang/NoSuchMethodError': Method sun.misc.Unsafe.prefetchRead(Ljava/lang/Object;J)V name or signature does not match> (0x00000000d6f0cbc8) thrown at [C:\workspace\8-2-build-windows-amd64-cygwin\jdk8u31\2394\hotspot\src\share\vm\prims\jni.q2ãè!˝«?
Event: 0.187 Thread 0x0000000002b7e000 Exception <a 'java/security/PrivilegedActionException'> (0x00000000d6f5fb38) thrown at [C:\workspace\8-2-build-windows-amd64-cygwin\jdk8u31\2394\hotspot\src\share\vm\prims\jvm.cpp, line 1312]

Events (10 events):
Event: 49.116 Executing VM operation: GetCurrentLocation
Event: 49.116 Executing VM operation: GetCurrentLocation done
Event: 49.116 Executing VM operation: ChangeSingleStep
Event: 49.116 Executing VM operation: ChangeSingleStep done
Event: 49.116 Executing VM operation: ChangeSingleStep
Event: 49.116 Executing VM operation: ChangeSingleStep done
Event: 128.662 loading class java/util/concurrent/ConcurrentHashMap$ForwardingNode
Event: 128.663 loading class java/util/concurrent/ConcurrentHashMap$ForwardingNode done
Event: 128.663 Executing VM operation: RedefineClasses
Event: 128.663 Executing VM operation: RedefineClasses done


Dynamic libraries:
0x00007ff7ddf90000 - 0x00007ff7ddfc4000 	C:\Program Files\Java\jre1.8.0_31\bin\javaw.exe
0x00007ffbd77a0000 - 0x00007ffbd794c000 	C:\Windows\SYSTEM32\ntdll.dll
0x00007ffbd7450000 - 0x00007ffbd758e000 	C:\Windows\system32\KERNEL32.DLL
0x00007ffbd49c0000 - 0x00007ffbd4ad5000 	C:\Windows\system32\KERNELBASE.dll
0x00007ffbd32e0000 - 0x00007ffbd336e000 	C:\Windows\system32\apphelp.dll
0x00007ffbb9cb0000 - 0x00007ffbb9d03000 	C:\Windows\AppPatch\AppPatch64\AcGenral.DLL
0x00007ffbd5600000 - 0x00007ffbd56aa000 	C:\Windows\system32\msvcrt.dll
0x00007ffbd4720000 - 0x00007ffbd474e000 	C:\Windows\SYSTEM32\SspiCli.dll
0x00007ffbd5710000 - 0x00007ffbd5764000 	C:\Windows\system32\SHLWAPI.dll
0x00007ffbd5db0000 - 0x00007ffbd5f27000 	C:\Windows\system32\USER32.dll
0x00007ffbd7590000 - 0x00007ffbd7724000 	C:\Windows\system32\ole32.dll
0x00007ffbd5f30000 - 0x00007ffbd7448000 	C:\Windows\system32\SHELL32.dll
0x00007ffbd3e90000 - 0x00007ffbd3eb1000 	C:\Windows\SYSTEM32\USERENV.dll
0x00007ffbd5d00000 - 0x00007ffbd5daa000 	C:\Windows\system32\ADVAPI32.dll
0x00007ffbcc6f0000 - 0x00007ffbcc70e000 	C:\Windows\SYSTEM32\MPR.dll
0x00007ffbd58f0000 - 0x00007ffbd5a31000 	C:\Windows\system32\RPCRT4.dll
0x00007ffbd53b0000 - 0x00007ffbd5409000 	C:\Windows\SYSTEM32\sechost.dll
0x00007ffbd4e20000 - 0x00007ffbd5031000 	C:\Windows\SYSTEM32\combase.dll
0x00007ffbd5190000 - 0x00007ffbd52e1000 	C:\Windows\system32\GDI32.dll
0x00007ffbd48f0000 - 0x00007ffbd4905000 	C:\Windows\SYSTEM32\profapi.dll
0x00007ffbd2f70000 - 0x00007ffbd3022000 	C:\Windows\SYSTEM32\SHCORE.dll
0x00007ffbd55c0000 - 0x00007ffbd55f6000 	C:\Windows\system32\IMM32.DLL
0x00007ffbd5770000 - 0x00007ffbd58c2000 	C:\Windows\system32\MSCTF.dll
0x00007ffbd2af0000 - 0x00007ffbd2d6b000 	C:\Windows\WinSxS\amd64_microsoft.windows.common-controls_6595b64144ccf1df_6.0.9600.17415_none_6240486fecbd8abb\COMCTL32.dll
0x0000000063e90000 - 0x0000000063f62000 	C:\Program Files\Java\jre1.8.0_31\bin\msvcr100.dll
0x0000000064160000 - 0x00000000649ba000 	C:\Program Files\Java\jre1.8.0_31\bin\server\jvm.dll
0x00007ffbcc770000 - 0x00007ffbcc779000 	C:\Windows\SYSTEM32\WSOCK32.dll
0x00007ffbc1460000 - 0x00007ffbc1482000 	C:\Windows\SYSTEM32\WINMM.dll
0x00007ffbd5040000 - 0x00007ffbd5047000 	C:\Windows\system32\PSAPI.DLL
0x00007ffbd56b0000 - 0x00007ffbd570a000 	C:\Windows\system32\WS2_32.dll
0x00007ffbc1430000 - 0x00007ffbc145a000 	C:\Windows\SYSTEM32\WINMMBASE.dll
0x00007ffbd5a40000 - 0x00007ffbd5a49000 	C:\Windows\system32\NSI.dll
0x00007ffbd4dd0000 - 0x00007ffbd4e1f000 	C:\Windows\SYSTEM32\cfgmgr32.dll
0x00007ffbd36f0000 - 0x00007ffbd3718000 	C:\Windows\SYSTEM32\DEVOBJ.dll
0x0000000064150000 - 0x000000006415f000 	C:\Program Files\Java\jre1.8.0_31\bin\verify.dll
0x0000000064120000 - 0x0000000064148000 	C:\Program Files\Java\jre1.8.0_31\bin\java.dll
0x0000000063e50000 - 0x0000000063e85000 	C:\Program Files\Java\jre1.8.0_31\bin\jdwp.dll
0x0000000063e40000 - 0x0000000063e48000 	C:\Program Files\Java\jre1.8.0_31\bin\npt.dll
0x0000000064100000 - 0x0000000064116000 	C:\Program Files\Java\jre1.8.0_31\bin\zip.dll
0x0000000063e30000 - 0x0000000063e39000 	C:\Program Files\Java\jre1.8.0_31\bin\dt_socket.dll
0x00007ffbbda20000 - 0x00007ffbbda35000 	C:\Windows\system32\napinsp.dll
0x00007ffbbda40000 - 0x00007ffbbda5a000 	C:\Windows\system32\pnrpnsp.dll
0x00007ffbd23e0000 - 0x00007ffbd23fb000 	C:\Windows\system32\NLAapi.dll
0x00007ffbd4160000 - 0x00007ffbd41b9000 	C:\Windows\System32\mswsock.dll
0x00007ffbd3f00000 - 0x00007ffbd3fa4000 	C:\Windows\SYSTEM32\DNSAPI.dll
0x00007ffbbda60000 - 0x00007ffbbda6d000 	C:\Windows\System32\winrnr.dll
0x00007ffbce750000 - 0x00007ffbce7bb000 	C:\Windows\System32\fwpuclnt.dll
0x00007ffbbdf00000 - 0x00007ffbbdf0a000 	C:\Windows\System32\rasadhlp.dll
0x00007ffbbd060000 - 0x00007ffbbd1ea000 	C:\Windows\SYSTEM32\dbghelp.dll

VM Arguments:
jvm_args: -agentlib:jdwp=transport=dt_socket,suspend=y,address=localhost:1782 -Dfile.encoding=Cp1252 
java_command: ejemplosProfesor.Palindromo
java_class_path (initial): C:\Users\alumno\Documents\TehureProject\Curso Java\entradasSalidas\bin
Launcher Type: SUN_STANDARD

Environment Variables:
JAVA_HOME=C:\Program Files\Java\jdk1.8.0_31
PATH=C:/Program Files/Java/jre1.8.0_31/bin/server;C:/Program Files/Java/jre1.8.0_31/bin;C:/Program Files/Java/jre1.8.0_31/lib/amd64;C:\ProgramData\Oracle\Java\javapath;C:\oraclexe\app\oracle\product\10.2.0\server\bin;C:\Windows\system32;C:\Windows;C:\Windows\System32\Wbem;C:\Windows\System32\WindowsPowerShell\v1.0\;C:\Program Files\Microsoft SQL Server\120\DTS\Binn\;C:\Program Files\Microsoft SQL Server\Client SDK\ODBC\110\Tools\Binn\;C:\Program Files (x86)\Microsoft SQL Server\120\Tools\Binn\;C:\Program Files\Microsoft SQL Server\120\Tools\Binn\;C:\Program Files (x86)\Microsoft SQL Server\120\Tools\Binn\ManagementStudio\;C:\Program Files (x86)\Microsoft SQL Server\120\DTS\Binn\;C:\Program Files (x86)\IVI Foundation\VISA\WinNT\Bin;C:\Program Files\Microsoft\Web Platform Installer\;C:\Program Files (x86)\Microsoft ASP.NET\ASP.NET Web Pages\v1.0\;C:\Program Files (x86)\Windows Kits\8.0\Windows Performance Toolkit\;C:\Program Files\Microsoft SQL Server\110\Tools\Binn\;C:\Program Files (x86)\Intel\OpenCL SDK\2.0\bin\x86;C:\Program Files (x86)\Intel\OpenCL SDK\2.0\bin\x64;C:\SdkAndroid\eclipse;
USERNAME=alumno
OS=Windows_NT
PROCESSOR_IDENTIFIER=Intel64 Family 6 Model 58 Stepping 9, GenuineIntel



---------------  S Y S T E M  ---------------

OS: Windows 8.1 , 64 bit Build 9600 

CPU:total 4 (4 cores per cpu, 1 threads per core) family 6 model 58 stepping 9, cmov, cx8, fxsr, mmx, sse, sse2, sse3, ssse3, sse4.1, sse4.2, popcnt, avx, aes, clmul, erms, tsc, tscinvbit, tscinv

Memory: 4k page, physical 8073128k(4945372k free), swap 9318312k(2983936k free)

vm_info: Java HotSpot(TM) 64-Bit Server VM (25.31-b07) for windows-amd64 JRE (1.8.0_31-b13), built on Dec 17 2014 21:00:28 by "java_re" with MS VC++ 10.0 (VS2010)

time: Thu May 07 16:02:28 2015
elapsed time: 128 seconds (0d 0h 2m 8s)

